Build started 9/23/2013 4:13:38 PM.
     1>Project "C:\fenix_win\zeromq-3.2.4\builds\msvc\c_remote_thr\c_remote_thr.vcxproj" on node 3 (build target(s)).
     1>InitializeBuildStatus:
         Creating "Debug\remote_thr.unsuccessfulbuild" because "AlwaysCreate" was specified.
       ClCompile:
         c:\Program Files (x86)\Microsoft Visual Studio 10.0\VC\bin\CL.exe /c /I../../../bindings/c /ZI /nologo /W3 /WX- /Od /Oy- /D _MBCS /Gm /EHsc /RTC1 /MDd /GS /fp:precise /Zc:wchar_t /Zc:forScope /Fo"Debug\\" /Fd"Debug\vc100.pdb" /Gd /TP /analyze- /errorReport:prompt ..\..\..\perf\remote_thr.cpp
         remote_thr.cpp
     1>C:\Program Files (x86)\MSBuild\Microsoft.Cpp\v4.0\Microsoft.CppBuild.targets(990,5): warning MSB8012: TargetPath(C:\fenix_win\zeromq-3.2.4\builds\msvc\Debug\remote_thr.exe) does not match the Linker's OutputFile property value (C:\fenix_win\zeromq-3.2.4\bin\remote_thr.exe). This may cause your project to build incorrectly. To correct this, please make sure that $(OutDir), $(TargetName) and $(TargetExt) property values match the value specified in %(Link.OutputFile).
       Link:
         c:\Program Files (x86)\Microsoft Visual Studio 10.0\VC\bin\link.exe /ERRORREPORT:PROMPT /OUT:"../../../bin/remote_thr.exe" /NOLOGO kernel32.lib user32.lib gdi32.lib winspool.lib comdlg32.lib advapi32.lib shell32.lib ole32.lib oleaut32.lib uuid.lib odbc32.lib odbccp32.lib /MANIFEST /ManifestFile:"Debug\remote_thr.exe.intermediate.manifest" /MANIFESTUAC:"level='asInvoker' uiAccess='false'" /DEBUG /PDB:"C:\fenix_win\zeromq-3.2.4\builds\msvc\Debug\remote_thr.pdb" /TLBID:1 /DYNAMICBASE /NXCOMPAT /IMPLIB:"C:\fenix_win\zeromq-3.2.4\builds\msvc\Debug\remote_thr.lib" /MACHINE:X86 Debug\remote_thr.obj
         "C:\fenix_win\zeromq-3.2.4\builds\msvc\Debug\libzmq.lib"
         c_remote_thr.vcxproj -> C:\fenix_win\zeromq-3.2.4\builds\msvc\Debug\remote_thr.exe
       Manifest:
         C:\Program Files (x86)\Microsoft SDKs\Windows\v7.0A\bin\mt.exe /nologo /verbose /outputresource:"../../../bin/remote_thr.exe;#1" /manifest Debug\remote_thr.exe.intermediate.manifest
       FinalizeBuildStatus:
         Deleting file "Debug\remote_thr.unsuccessfulbuild".
         Touching "Debug\remote_thr.lastbuildstate".
     1>Done Building Project "C:\fenix_win\zeromq-3.2.4\builds\msvc\c_remote_thr\c_remote_thr.vcxproj" (build target(s)).

Build succeeded.

Time Elapsed 00:00:02.34
