Build started 9/23/2013 4:12:58 PM.
     1>Project "C:\fenix_win\zeromq-3.2.4\builds\msvc\libzmq\libzmq.vcxproj" on node 2 (build target(s)).
     1>InitializeBuildStatus:
         Creating "Debug\libzmq.unsuccessfulbuild" because "AlwaysCreate" was specified.
       PreBuildEvent:
         copy ..\platform.hpp ..\..\..\src
         :VCEnd
                 1 file(s) copied.
       ClCompile:
         c:\Program Files (x86)\Microsoft Visual Studio 10.0\VC\bin\CL.exe /c /ZI /nologo /W3 /WX- /Od /Oy- /D NOMINMAX /D _WINDLL /D _MBCS /Gm /EHsc /RTC1 /MDd /GS /fp:precise /Zc:wchar_t /Zc:forScope /Fo"Debug\\" /Fd"Debug\vc100.pdb" /Gd /TP /analyze- /errorReport:prompt ..\..\..\src\address.cpp ..\..\..\src\clock.cpp ..\..\..\src\ctx.cpp ..\..\..\src\dealer.cpp ..\..\..\src\decoder.cpp ..\..\..\src\devpoll.cpp ..\..\..\src\dist.cpp ..\..\..\src\encoder.cpp ..\..\..\src\epoll.cpp ..\..\..\src\err.cpp ..\errno.cpp ..\..\..\src\fq.cpp ..\..\..\src\io_object.cpp ..\..\..\src\io_thread.cpp ..\..\..\src\ip.cpp ..\..\..\src\ipc_address.cpp ..\..\..\src\ipc_connecter.cpp ..\..\..\src\ipc_listener.cpp ..\..\..\src\kqueue.cpp ..\..\..\src\lb.cpp ..\..\..\src\mailbox.cpp ..\..\..\src\msg.cpp ..\..\..\src\mtrie.cpp ..\..\..\src\object.cpp ..\..\..\src\options.cpp ..\..\..\src\own.cpp ..\..\..\src\pair.cpp ..\..\..\src\pgm_receiver.cpp ..\..\..\src\pgm_sender.cpp ..\..\..\src\pgm_socket.cpp ..\..\..\src\pipe.cpp ..\..\..\src\poll.cpp ..\..\..\src\poller_base.cpp ..\..\..\src\proxy.cpp ..\..\..\src\pub.cpp ..\..\..\src\pull.cpp ..\..\..\src\push.cpp ..\..\..\src\random.cpp ..\..\..\src\reaper.cpp ..\..\..\src\rep.cpp ..\..\..\src\req.cpp ..\..\..\src\router.cpp ..\..\..\src\select.cpp ..\..\..\src\session_base.cpp ..\..\..\src\signaler.cpp ..\..\..\src\socket_base.cpp ..\..\..\src\stream_engine.cpp ..\..\..\src\sub.cpp ..\..\..\src\tcp.cpp ..\..\..\src\tcp_address.cpp ..\..\..\src\tcp_connecter.cpp ..\..\..\src\tcp_listener.cpp ..\..\..\src\thread.cpp ..\..\..\src\trie.cpp ..\..\..\src\v1_decoder.cpp ..\..\..\src\v1_encoder.cpp ..\..\..\src\xpub.cpp ..\..\..\src\xsub.cpp ..\..\..\src\zmq.cpp ..\..\..\src\zmq_utils.cpp -DDLL_EXPORT -DFD_SETSIZE=1024 -D_CRT_SECURE_NO_WARNINGS 
         zmq_utils.cpp
         zmq.cpp
         xsub.cpp
         xpub.cpp
     1>c:\fenix_win\zeromq-3.2.4\src\xpub.cpp(98): warning C4800: 'const int' : forcing value to bool 'true' or 'false' (performance warning)
         v1_encoder.cpp
         v1_decoder.cpp
         trie.cpp
         thread.cpp
         tcp_listener.cpp
         tcp_connecter.cpp
         tcp_address.cpp
         tcp.cpp
         sub.cpp
         stream_engine.cpp
         socket_base.cpp
         signaler.cpp
         session_base.cpp
         select.cpp
         router.cpp
     1>c:\fenix_win\zeromq-3.2.4\src\router.cpp(87): warning C4800: 'const int' : forcing value to bool 'true' or 'false' (performance warning)
         req.cpp
         Generating Code...
         Compiling...
         rep.cpp
         reaper.cpp
         random.cpp
         push.cpp
         pull.cpp
         pub.cpp
         proxy.cpp
         poller_base.cpp
         poll.cpp
         pipe.cpp
         pgm_socket.cpp
         pgm_sender.cpp
         pgm_receiver.cpp
         pair.cpp
         own.cpp
         options.cpp
         object.cpp
         mtrie.cpp
         msg.cpp
         mailbox.cpp
         Generating Code...
         Compiling...
         lb.cpp
         kqueue.cpp
         ipc_listener.cpp
         ipc_connecter.cpp
         ipc_address.cpp
         ip.cpp
         io_thread.cpp
         io_object.cpp
         fq.cpp
         errno.cpp
         err.cpp
         epoll.cpp
         encoder.cpp
         dist.cpp
         devpoll.cpp
         decoder.cpp
         dealer.cpp
         ctx.cpp
         clock.cpp
         address.cpp
         Generating Code...
       MakeDirsForLink:
         Creating directory "C:\fenix_win\zeromq-3.2.4\builds\msvc\libzmq\..\..\..\lib".
     1>C:\Program Files (x86)\MSBuild\Microsoft.Cpp\v4.0\Microsoft.CppBuild.targets(990,5): warning MSB8012: TargetPath(C:\fenix_win\zeromq-3.2.4\builds\msvc\Debug\libzmq.dll) does not match the Linker's OutputFile property value (C:\fenix_win\zeromq-3.2.4\lib\libzmq.dll). This may cause your project to build incorrectly. To correct this, please make sure that $(OutDir), $(TargetName) and $(TargetExt) property values match the value specified in %(Link.OutputFile).
       Link:
         c:\Program Files (x86)\Microsoft Visual Studio 10.0\VC\bin\link.exe /ERRORREPORT:PROMPT /OUT:"../../../lib/libzmq.dll" /NOLOGO Ws2_32.lib Rpcrt4.lib kernel32.lib user32.lib gdi32.lib winspool.lib comdlg32.lib advapi32.lib shell32.lib ole32.lib oleaut32.lib uuid.lib odbc32.lib odbccp32.lib /MANIFEST /ManifestFile:"Debug\libzmq.dll.intermediate.manifest" /MANIFESTUAC:"level='asInvoker' uiAccess='false'" /DEBUG /PDB:"C:\fenix_win\zeromq-3.2.4\builds\msvc\Debug\libzmq.pdb" /TLBID:1 /DYNAMICBASE /NXCOMPAT /IMPLIB:"C:\fenix_win\zeromq-3.2.4\builds\msvc\Debug\libzmq.lib" /MACHINE:X86 /DLL Debug\address.obj
         Debug\clock.obj
         Debug\ctx.obj
         Debug\dealer.obj
         Debug\decoder.obj
         Debug\devpoll.obj
         Debug\dist.obj
         Debug\encoder.obj
         Debug\epoll.obj
         Debug\err.obj
         Debug\errno.obj
         Debug\fq.obj
         Debug\io_object.obj
         Debug\io_thread.obj
         Debug\ip.obj
         Debug\ipc_address.obj
         Debug\ipc_connecter.obj
         Debug\ipc_listener.obj
         Debug\kqueue.obj
         Debug\lb.obj
         Debug\mailbox.obj
         Debug\msg.obj
         Debug\mtrie.obj
         Debug\object.obj
         Debug\options.obj
         Debug\own.obj
         Debug\pair.obj
         Debug\pgm_receiver.obj
         Debug\pgm_sender.obj
         Debug\pgm_socket.obj
         Debug\pipe.obj
         Debug\poll.obj
         Debug\poller_base.obj
         Debug\proxy.obj
         Debug\pub.obj
         Debug\pull.obj
         Debug\push.obj
         Debug\random.obj
         Debug\reaper.obj
         Debug\rep.obj
         Debug\req.obj
         Debug\router.obj
         Debug\select.obj
         Debug\session_base.obj
         Debug\signaler.obj
         Debug\socket_base.obj
         Debug\stream_engine.obj
         Debug\sub.obj
         Debug\tcp.obj
         Debug\tcp_address.obj
         Debug\tcp_connecter.obj
         Debug\tcp_listener.obj
         Debug\thread.obj
         Debug\trie.obj
         Debug\v1_decoder.obj
         Debug\v1_encoder.obj
         Debug\xpub.obj
         Debug\xsub.obj
         Debug\zmq.obj
         Debug\zmq_utils.obj
            Creating library C:\fenix_win\zeromq-3.2.4\builds\msvc\Debug\libzmq.lib and object C:\fenix_win\zeromq-3.2.4\builds\msvc\Debug\libzmq.exp
         libzmq.vcxproj -> C:\fenix_win\zeromq-3.2.4\builds\msvc\Debug\libzmq.dll
       Manifest:
         C:\Program Files (x86)\Microsoft SDKs\Windows\v7.0A\bin\mt.exe /nologo /verbose /outputresource:"../../../lib/libzmq.dll;#2" /manifest Debug\libzmq.dll.intermediate.manifest
       FinalizeBuildStatus:
         Deleting file "Debug\libzmq.unsuccessfulbuild".
         Touching "Debug\libzmq.lastbuildstate".
     1>Done Building Project "C:\fenix_win\zeromq-3.2.4\builds\msvc\libzmq\libzmq.vcxproj" (build target(s)).

Build succeeded.

Time Elapsed 00:00:40.04
